<?xml version="1.0" encoding="UTF-8" standalone="no"?>
<testsuite errors="0" failures="2" name="io.cucumber.core.plugin.JUnitFormatter" skipped="0" tests="2" time="0.247">
    <testcase classname="Swag Labs Login" name="Successful Login" time="0.046">
        <failure message="The scenario has pending or undefined step(s)" type="java.lang.Exception"><![CDATA[Given I am on the Sauce Demo Login Page.....................................undefined
When I fill the account information for account StandardUser into the Username field and the Password field.skipped
And I click the Login Button................................................skipped
Then I am redirected to the Sauce Demo Main Page............................skipped
And I verify the App Logo exists............................................skipped
]]></failure>
    </testcase>
    <testcase classname="Swag Labs Login" name="Failed Login" time="0.01">
        <failure message="The scenario has pending or undefined step(s)" type="java.lang.Exception"><![CDATA[Given I am on the Sauce Demo Login Page.....................................undefined
When I fill the account information for account LockedOutUser into the Username field and the Password field.skipped
And I click the Login Button................................................skipped
Then I verify the Error Message contains the text "Sorry, this user has been banned.".skipped
Then I close chrome browser.................................................skipped
]]></failure>
    </testcase>
</testsuite>
